[2022-12-13 11:48:55,705][root][INFO] - CFG's local_rank=-1
[2022-12-13 11:48:55,705][root][INFO] - Env WORLD_SIZE=None
[2022-12-13 11:48:55,706][root][INFO] - Initialized host micl-jotyssvr3 as d.rank -1 on device=cuda, n_gpu=1, world size=1
[2022-12-13 11:48:55,706][root][INFO] - 16-bits training: False 
[2022-12-13 11:48:55,706][root][INFO] - Reading saved model from /home/bojic/bt/multihop/en-fr-es-en/retrieval/model/dpr_biencoder.24
[2022-12-13 11:49:02,692][root][INFO] - model_state_dict keys dict_keys(['model_dict', 'optimizer_dict', 'scheduler_dict', 'offset', 'epoch', 'encoder_params'])
[2022-12-13 11:49:02,693][root][INFO] - CFG (after gpu  configuration):
[2022-12-13 11:49:02,698][root][INFO] - encoder:
  encoder_model_type: hf_bert
  pretrained_model_cfg: michiyasunaga/BioLinkBERT-base
  pretrained_file: null
  projection_dim: 0
  sequence_length: 300
  dropout: 0.1
  fix_ctx_encoder: false
  pretrained: true
datasets:
  nq_test:
    _target_: dpr.data.retriever_data.CsvQASrc
    file: data.retriever.qas.nq-test
  nq_train:
    _target_: dpr.data.retriever_data.CsvQASrc
    file: data.retriever.qas.nq-train
  nq_dev:
    _target_: dpr.data.retriever_data.CsvQASrc
    file: data.retriever.qas.nq-dev
  trivia_test:
    _target_: dpr.data.retriever_data.CsvQASrc
    file: data.retriever.qas.trivia-test
  trivia_train:
    _target_: dpr.data.retriever_data.CsvQASrc
    file: data.retriever.qas.trivia-train
  trivia_dev:
    _target_: dpr.data.retriever_data.CsvQASrc
    file: data.retriever.qas.trivia-dev
  webq_test:
    _target_: dpr.data.retriever_data.CsvQASrc
    file: data.retriever.qas.webq-test
  curatedtrec_test:
    _target_: dpr.data.retriever_data.CsvQASrc
    file: data.retriever.qas.curatedtrec-test
  sleep_train:
    _target_: dpr.data.retriever_data.CsvQASrc
    file: ../../../../data/training/sleep-train.csv
  sleep_dev:
    _target_: dpr.data.retriever_data.CsvQASrc
    file: ../../../../data/training/sleep-dev.csv
  sleep_test:
    _target_: dpr.data.retriever_data.CsvQASrc
    file: ../../../../data/training/sleep-test.csv
  sleep_open:
    _target_: dpr.data.retriever_data.CsvQASrc
    file: ../../../../data/training/open_questions.csv
ctx_sources:
  dpr_wiki:
    _target_: dpr.data.retriever_data.CsvCtxSrc
    file: data.wikipedia_split.psgs_w100
    id_prefix: 'wiki:'
  dpr_sleep:
    _target_: dpr.data.retriever_data.CsvCtxSrc
    file: ../../../../data/training/sleep-corpus.tsv
    id_prefix: 'sleep:'
indexers:
  flat:
    _target_: dpr.indexer.faiss_indexers.DenseFlatIndexer
  hnsw:
    _target_: dpr.indexer.faiss_indexers.DenseHNSWFlatIndexer
  hnsw_sq:
    _target_: dpr.indexer.faiss_indexers.DenseHNSWSQIndexer
qa_dataset: sleep_test
ctx_datatsets:
- dpr_sleep
encoded_ctx_files:
- /home/bojic/bt/multihop/en-fr-es-en/retrieval/sleep-corpus_e24_0
out_file: /home/bojic/bt/multihop/en-fr-es-en/retrieval/sleep_test_e24.json
match: string
n_docs: 1
validation_workers: 16
batch_size: 128
do_lower_case: true
encoder_path: null
index_path: null
kilt_out_file: null
model_file: /home/bojic/bt/multihop/en-fr-es-en/retrieval/model/dpr_biencoder.24
validate_as_tables: false
rpc_retriever_cfg_file: null
rpc_index_id: null
use_l2_conversion: false
use_rpc_meta: false
rpc_meta_compressed: false
indexer: flat
special_tokens: null
local_rank: -1
global_loss_buf_sz: 150000
device: cuda
distributed_world_size: 1
distributed_port: null
no_cuda: false
n_gpu: 1
fp16: false
fp16_opt_level: O1

[2022-12-13 11:49:02,798][dpr.models.hf_models][INFO] - Initializing HF BERT Encoder. cfg_name=michiyasunaga/BioLinkBERT-base
[2022-12-13 11:49:04,664][dpr.models.hf_models][INFO] - Initializing HF BERT Encoder. cfg_name=michiyasunaga/BioLinkBERT-base
[2022-12-13 11:49:07,421][root][INFO] - Loading saved model state ...
[2022-12-13 11:49:07,481][root][INFO] - Selecting standard question encoder
[2022-12-13 11:49:16,928][root][INFO] - Encoder vector_size=768
[2022-12-13 11:49:16,928][root][INFO] - qa_dataset: sleep_test
[2022-12-13 11:49:16,938][root][INFO] - questions len 500
[2022-12-13 11:49:16,938][root][INFO] - questions_text len 0
[2022-12-13 11:49:16,938][root][INFO] - Local Index class <class 'dpr.indexer.faiss_indexers.DenseFlatIndexer'> 
[2022-12-13 11:49:16,939][root][INFO] - Using special token None
[2022-12-13 11:49:23,913][root][INFO] - Encoded queries 500
[2022-12-13 11:49:23,914][root][INFO] - Total encoded queries tensor torch.Size([500, 768])
[2022-12-13 11:49:23,916][root][INFO] - ctx_sources: <class 'dpr.data.retriever_data.CsvCtxSrc'>
[2022-12-13 11:49:23,916][root][INFO] - id_prefixes per dataset: ['sleep:']
[2022-12-13 11:49:23,916][root][INFO] - ctx_files_patterns: ['/home/bojic/bt/multihop/en-fr-es-en/retrieval/sleep-corpus_e24_0']
[2022-12-13 11:49:23,916][root][INFO] - Embeddings files id prefixes: ['sleep:']
[2022-12-13 11:49:23,916][root][INFO] - Reading all passages data from files: ['/home/bojic/bt/multihop/en-fr-es-en/retrieval/sleep-corpus_e24_0']
[2022-12-13 11:49:23,916][root][INFO] - Reading file /home/bojic/bt/multihop/en-fr-es-en/retrieval/sleep-corpus_e24_0
[2022-12-13 11:49:24,075][root][INFO] - data indexed 7005
[2022-12-13 11:49:24,075][root][INFO] - Total data indexed 7005
[2022-12-13 11:49:24,075][root][INFO] - Data indexing completed.
[2022-12-13 11:49:24,390][root][INFO] - index search time: 0.313904 sec.
[2022-12-13 11:49:24,390][dpr.data.retriever_data][INFO] - Reading file ../../../../data/training/sleep-corpus.tsv
[2022-12-13 11:49:24,443][root][INFO] - Loaded ctx data: 7005
[2022-12-13 11:49:24,443][root][INFO] - validating passages. size=7005
[2022-12-13 11:49:24,443][dpr.data.qa_validation][INFO] - all_docs size 7005
[2022-12-13 11:49:24,443][dpr.data.qa_validation][INFO] - dpr_all_documents size 7005
[2022-12-13 11:49:25,190][dpr.data.qa_validation][INFO] - Matching answers in top docs...
[2022-12-13 11:49:25,206][dpr.data.qa_validation][INFO] - Per question validation results len=500
[2022-12-13 11:49:25,381][root][INFO] - Validation results: top k documents hits [221]
[2022-12-13 11:49:25,382][root][INFO] - Validation results: top k documents hits accuracy [0.442]
[2022-12-13 11:49:25,415][root][INFO] - Saved results * scores  to /home/bojic/bt/multihop/en-fr-es-en/retrieval/sleep_test_e24.json
