[2022-12-13 14:26:40,612][root][INFO] - CFG's local_rank=-1
[2022-12-13 14:26:40,612][root][INFO] - Env WORLD_SIZE=None
[2022-12-13 14:26:40,613][root][INFO] - Initialized host micl-jotyssvr3 as d.rank -1 on device=cuda, n_gpu=1, world size=1
[2022-12-13 14:26:40,613][root][INFO] - 16-bits training: True 
[2022-12-13 14:26:40,614][root][INFO] - CFG (after gpu  configuration):
[2022-12-13 14:26:40,616][root][INFO] - encoder:
  encoder_model_type: hf_bert
  pretrained_model_cfg: gdario/biobert_bioasq
  pretrained_file: null
  projection_dim: 0
  sequence_length: 300
  dropout: 0.1
  fix_ctx_encoder: false
  pretrained: true
train:
  eval_step: 500
  batch_size: 32
  dev_batch_size: 1
  adam_eps: 1.0e-08
  adam_betas: (0.9, 0.999)
  max_grad_norm: 1.0
  log_batch_step: 100
  train_rolling_loss_step: 100
  weight_decay: 0.0
  learning_rate: 1.0e-05
  warmup_steps: 0
  gradient_accumulation_steps: 1
  num_train_epochs: 10
model_file: /home/bojic/bt/multihop/en-de-pl-en/reader/model/dpr_extractive_reader.3.125
do_lower_case: true
seed: 42
train_files: null
dev_files: /home/bojic/bt/multihop/en-de-pl-en/reader/sleep-test.json
passages_per_question: 2
passages_per_question_predict: 1
output_dir: null
max_n_answers: 10
max_answer_length: 20
eval_top_docs:
- 1
checkpoint_file_name: dpr_extractive_reader
prediction_results_file: /home/bojic/bt/multihop/en-de-pl-en/reader/pred_oracle_3.125.json
fully_resumable: false
gold_passages_src: null
gold_passages_src_dev: null
num_workers: 1
local_rank: -1
global_loss_buf_sz: 150000
device: cuda
distributed_world_size: 1
distributed_port: null
no_cuda: false
n_gpu: 1
fp16: true
fp16_opt_level: O1
special_tokens: null

[2022-12-13 14:26:40,616][root][INFO] - ***** Initializing components for training *****
[2022-12-13 14:26:40,616][root][INFO] - !! model_file = /home/bojic/bt/multihop/en-de-pl-en/reader/model/dpr_extractive_reader.3.125
[2022-12-13 14:26:40,616][root][INFO] - Reading saved model from /home/bojic/bt/multihop/en-de-pl-en/reader/model/dpr_extractive_reader.3.125
[2022-12-13 14:26:44,093][root][INFO] - model_state_dict keys dict_keys(['model_dict', 'optimizer_dict', 'scheduler_dict', 'offset', 'epoch', 'encoder_params'])
[2022-12-13 14:26:44,267][dpr.models.hf_models][INFO] - Initializing HF BERT Encoder. cfg_name=gdario/biobert_bioasq
[2022-12-13 14:26:55,027][root][INFO] - Loading checkpoint @ batch=125 and epoch=3
[2022-12-13 14:26:55,027][root][INFO] - Loading model weights from saved state ...
[2022-12-13 14:26:55,127][root][INFO] - Loading saved optimizer state ...
[2022-12-13 14:26:55,622][root][INFO] - No train files are specified. Run validation.
[2022-12-13 14:26:55,622][root][INFO] - Validation ...
[2022-12-13 14:26:55,623][root][INFO] - Data files: ['/home/bojic/bt/multihop/en-de-pl-en/reader/sleep-test.json']
[2022-12-13 14:26:55,623][root][INFO] - Data are not preprocessed for reader training. Start pre-processing ...
[2022-12-13 14:26:55,626][root][INFO] - Loaded 500 questions + retrieval results from /home/bojic/bt/multihop/en-de-pl-en/reader/sleep-test.json
[2022-12-13 14:26:55,653][root][INFO] - Split data into 1 chunks
[2022-12-13 14:26:55,680][root][INFO] - Start batch 500
[2022-12-13 14:26:56,756][root][INFO] - no positive passages samples: 0
[2022-12-13 14:26:56,756][root][INFO] - positive passages from gold samples: 0
[2022-12-13 14:26:56,756][root][INFO] - Serialize 500 results to /home/bojic/bt/multihop/en-de-pl-en/reader/sleep-test.0.pkl
[2022-12-13 14:26:56,761][root][INFO] - Chunks processed 1
[2022-12-13 14:26:56,762][root][INFO] - Data saved to /home/bojic/bt/multihop/en-de-pl-en/reader/sleep-test.0.pkl
[2022-12-13 14:26:56,762][root][INFO] - Preprocessed data stored in ['/home/bojic/bt/multihop/en-de-pl-en/reader/sleep-test.0.pkl']
[2022-12-13 14:26:56,794][root][INFO] - Reading file /home/bojic/bt/multihop/en-de-pl-en/reader/sleep-test.0.pkl
[2022-12-13 14:26:56,798][root][INFO] - Aggregated data size: 500
[2022-12-13 14:26:56,799][root][INFO] - Total data size: 500
[2022-12-13 14:26:56,799][root][INFO] - Calculating shard positions
[2022-12-13 14:26:56,799][root][INFO] - samples_per_shard=500, shard_start_idx=0, shard_end_idx=500, max_iterations=500
[2022-12-13 14:27:03,411][root][INFO] - Eval step: 99 
[2022-12-13 14:27:04,841][root][INFO] - Eval step: 199 
[2022-12-13 14:27:06,196][root][INFO] - Eval step: 299 
[2022-12-13 14:27:07,616][root][INFO] - Eval step: 399 
[2022-12-13 14:27:08,971][root][INFO] - Eval step: 499 
[2022-12-13 14:27:08,971][root][INFO] - Finished iterating, iteration=500, shard=0
[2022-12-13 14:27:08,982][root][INFO] - n=1	EM 58.00
[2022-12-13 14:27:08,982][root][INFO] - Saving prediction results to  /home/bojic/bt/multihop/en-de-pl-en/reader/pred_oracle_3.125.json
